Started GET "/microposts/new" for ::1 at 2024-06-11 17:08:50 +0900
  
ActionController::RoutingError (No route matches [GET] "/microposts/new"):
  
Started GET "/" for ::1 at 2024-06-11 17:08:56 +0900
Processing by Rails::WelcomeController#index as HTML
  Rendering /Users/aiueo/.rbenv/versions/3.2.3/lib/ruby/gems/3.2.0/gems/railties-7.0.4.3/lib/rails/templates/rails/welcome/index.html.erb
  Rendered /Users/aiueo/.rbenv/versions/3.2.3/lib/ruby/gems/3.2.0/gems/railties-7.0.4.3/lib/rails/templates/rails/welcome/index.html.erb (Duration: 0.7ms | Allocations: 266)
Completed 200 OK in 6ms (Views: 1.3ms | ActiveRecord: 0.0ms | Allocations: 2580)


Started GET "/static_pages/home" for ::1 at 2024-06-11 17:33:35 +0900
Processing by StaticPagesController#home as HTML
  Rendering layout layouts/application.html.erb
  Rendering static_pages/home.html.erb within layouts/application
  Rendered static_pages/home.html.erb within layouts/application (Duration: 1.4ms | Allocations: 93)
  Rendered layout layouts/application.html.erb (Duration: 242.3ms | Allocations: 87129)
Completed 200 OK in 245ms (Views: 244.1ms | Allocations: 87996)


Started GET "/static_pages/home" for ::1 at 2024-06-11 17:43:50 +0900
Processing by StaticPagesController#home as HTML
  Rendering layout layouts/application.html.erb
  Rendering static_pages/home.html.erb within layouts/application
  Rendered static_pages/home.html.erb within layouts/application (Duration: 0.5ms | Allocations: 101)
  Rendered layout layouts/application.html.erb (Duration: 6.2ms | Allocations: 2709)
Completed 200 OK in 9ms (Views: 7.9ms | Allocations: 3438)


Started GET "/static_pages/help" for ::1 at 2024-06-11 17:44:29 +0900
Processing by StaticPagesController#help as HTML
  Rendering layout layouts/application.html.erb
  Rendering static_pages/help.html.erb within layouts/application
  Rendered static_pages/help.html.erb within layouts/application (Duration: 0.8ms | Allocations: 100)
  Rendered layout layouts/application.html.erb (Duration: 7.8ms | Allocations: 2684)
Completed 200 OK in 12ms (Views: 10.7ms | Allocations: 3414)


Started GET "/static_pages/about" for ::1 at 2024-06-11 18:54:08 +0900
Processing by StaticPagesController#about as HTML
  Rendering layout layouts/application.html.erb
  Rendering static_pages/about.html.erb within layouts/application
  Rendered static_pages/about.html.erb within layouts/application (Duration: 1.9ms | Allocations: 101)
  Rendered layout layouts/application.html.erb (Duration: 16.0ms | Allocations: 10882)
Completed 200 OK in 18ms (Views: 17.4ms | Allocations: 11692)


Started GET "/static_pages/home" for ::1 at 2024-06-11 19:12:48 +0900
Processing by StaticPagesController#home as HTML
  Rendering static_pages/home.html.erb
  Rendered static_pages/home.html.erb (Duration: 0.9ms | Allocations: 104)
Completed 200 OK in 6ms (Views: 4.5ms | Allocations: 972)


Started GET "/static_pages/home" for ::1 at 2024-06-11 19:39:13 +0900
Processing by StaticPagesController#home as HTML
  Rendering layout layouts/application.html.erb
  Rendering static_pages/home.html.erb within layouts/application
  Rendered static_pages/home.html.erb within layouts/application (Duration: 3.1ms | Allocations: 124)
  Rendered layout layouts/application.html.erb (Duration: 23.2ms | Allocations: 2756)
Completed 200 OK in 38ms (Views: 33.4ms | Allocations: 3487)


Started GET "/static_pages" for ::1 at 2024-06-11 19:40:28 +0900
  
ActionController::RoutingError (No route matches [GET] "/static_pages"):
  
Started GET "/static_pages" for ::1 at 2024-06-11 19:41:34 +0900
  
ActionController::RoutingError (No route matches [GET] "/static_pages"):
  
Started GET "/static_pages" for ::1 at 2024-06-11 19:41:35 +0900
  
ActionController::RoutingError (No route matches [GET] "/static_pages"):
  
Started GET "/static_pages" for ::1 at 2024-06-11 19:41:36 +0900
  
ActionController::RoutingError (No route matches [GET] "/static_pages"):
  
Started GET "/" for ::1 at 2024-06-11 19:41:39 +0900
Processing by StaticPagesController#home as HTML
  Rendering layout layouts/application.html.erb
  Rendering static_pages/home.html.erb within layouts/application
  Rendered static_pages/home.html.erb within layouts/application (Duration: 0.7ms | Allocations: 121)
  Rendered layout layouts/application.html.erb (Duration: 29.6ms | Allocations: 31379)
Completed 200 OK in 35ms (Views: 31.4ms | ActiveRecord: 0.0ms | Allocations: 33303)


